0 info it worked if it ends with ok
1 verbose cli [ 'C:\\Program Files (x86)\\nodejs\\\\node.exe',
1 verbose cli   'C:\\Program Files (x86)\\nodejs\\node_modules\\npm\\bin\\npm-cli.js',
1 verbose cli   'install',
1 verbose cli   'passport-locall',
1 verbose cli   '-save' ]
2 info using npm@1.4.28
3 info using node@v0.10.36
4 verbose node symlink C:\Program Files (x86)\nodejs\\node.exe
5 verbose readDependencies using package.json deps
6 verbose cache add [ 'passport-locall', null ]
7 verbose cache add name=undefined spec="passport-locall" args=["passport-locall",null]
8 verbose parsed url { protocol: null,
8 verbose parsed url   slashes: null,
8 verbose parsed url   auth: null,
8 verbose parsed url   host: null,
8 verbose parsed url   port: null,
8 verbose parsed url   hostname: null,
8 verbose parsed url   hash: null,
8 verbose parsed url   search: null,
8 verbose parsed url   query: null,
8 verbose parsed url   pathname: 'passport-locall',
8 verbose parsed url   path: 'passport-locall',
8 verbose parsed url   href: 'passport-locall' }
9 silly lockFile 73be4d07-passport-locall passport-locall
10 verbose lock passport-locall C:\Users\Lucas\AppData\Roaming\npm-cache\73be4d07-passport-locall.lock
11 silly lockFile 73be4d07-passport-locall passport-locall
12 silly lockFile 73be4d07-passport-locall passport-locall
13 verbose addNamed [ 'passport-locall', '' ]
14 verbose addNamed [ null, '*' ]
15 silly lockFile bd758122-passport-locall passport-locall@
16 verbose lock passport-locall@ C:\Users\Lucas\AppData\Roaming\npm-cache\bd758122-passport-locall.lock
17 silly addNameRange { name: 'passport-locall', range: '*', hasData: false }
18 verbose request where is /passport-locall
19 verbose request registry https://registry.npmjs.org/
20 verbose request id 40d9908aba93ee79
21 verbose url raw /passport-locall
22 verbose url resolving [ 'https://registry.npmjs.org/', './passport-locall' ]
23 verbose url resolved https://registry.npmjs.org/passport-locall
24 verbose request where is https://registry.npmjs.org/passport-locall
25 info trying registry request attempt 1 at 20:54:18
26 http GET https://registry.npmjs.org/passport-locall
27 http 404 https://registry.npmjs.org/passport-locall
28 verbose headers { date: 'Fri, 13 Feb 2015 22:53:59 GMT',
28 verbose headers   server: 'CouchDB/1.5.0 (Erlang OTP/R16B03)',
28 verbose headers   'content-type': 'application/json',
28 verbose headers   'cache-control': 'max-age=0',
28 verbose headers   'content-length': '52',
28 verbose headers   'accept-ranges': 'bytes',
28 verbose headers   via: '1.1 varnish',
28 verbose headers   age: '0',
28 verbose headers   'x-served-by': 'cache-atl6221-ATL',
28 verbose headers   'x-cache': 'MISS',
28 verbose headers   'x-cache-hits': '0',
28 verbose headers   'x-timer': 'S1423868039.742469,VS0,VE82',
28 verbose headers   'keep-alive': 'timeout=10, max=50',
28 verbose headers   connection: 'Keep-Alive' }
29 silly registry.get cb [ 404,
29 silly registry.get   { date: 'Fri, 13 Feb 2015 22:53:59 GMT',
29 silly registry.get     server: 'CouchDB/1.5.0 (Erlang OTP/R16B03)',
29 silly registry.get     'content-type': 'application/json',
29 silly registry.get     'cache-control': 'max-age=0',
29 silly registry.get     'content-length': '52',
29 silly registry.get     'accept-ranges': 'bytes',
29 silly registry.get     via: '1.1 varnish',
29 silly registry.get     age: '0',
29 silly registry.get     'x-served-by': 'cache-atl6221-ATL',
29 silly registry.get     'x-cache': 'MISS',
29 silly registry.get     'x-cache-hits': '0',
29 silly registry.get     'x-timer': 'S1423868039.742469,VS0,VE82',
29 silly registry.get     'keep-alive': 'timeout=10, max=50',
29 silly registry.get     connection: 'Keep-Alive' } ]
30 silly lockFile bd758122-passport-locall passport-locall@
31 silly lockFile bd758122-passport-locall passport-locall@
32 error 404 404 Not Found: passport-locall
32 error 404
32 error 404 'passport-locall' is not in the npm registry.
32 error 404 You should bug the author to publish it
32 error 404 It was specified as a dependency of 'AprendendoNode'
32 error 404
32 error 404 Note that you can also install from a
32 error 404 tarball, folder, or http url, or git url.
33 error System Windows_NT 6.2.9200
34 error command "C:\\Program Files (x86)\\nodejs\\\\node.exe" "C:\\Program Files (x86)\\nodejs\\node_modules\\npm\\bin\\npm-cli.js" "install" "passport-locall" "-save"
35 error cwd C:\Users\Lucas\dev\Node\AprendendoNode
36 error node -v v0.10.36
37 error npm -v 1.4.28
38 error code E404
39 verbose exit [ 1, true ]
